<?xml version="1.0" encoding="UTF-8"?>
<!-- Generated by org.testng.reporters.JUnitReportReporter -->
<testsuite hostname="AF-L07458" name="SimpleTest" tests="1" failures="0" timestamp="15 Jan 2016 10:48:45 GMT" time="82397.359" errors="0">
  <testcase name="testEmailGenerator" time="82397.359" classname="SimpleTest"/>
</testsuite> <!-- SimpleTest -->
